2020-10-16 14:03:43.948 INFO  [main] com.lin.missyou.MissyouApplication Starting MissyouApplication on DESKTOP-KS3IBF3 with PID 23892 (F:\CodeTest\missyou\target\classes started by admin in F:\CodeTest\missyou)
2020-10-16 14:03:43.951 INFO  [main] com.lin.missyou.MissyouApplication No active profile set, falling back to default profiles: default
2020-10-16 14:03:44.677 INFO  [main] org.springframework.boot.web.embedded.tomcat.TomcatWebServer Tomcat initialized with port(s): 8080 (http)
2020-10-16 14:03:44.684 INFO  [main] org.apache.coyote.http11.Http11NioProtocol Initializing ProtocolHandler ["http-nio-8080"]
2020-10-16 14:03:44.684 INFO  [main] org.apache.catalina.core.StandardService Starting service [Tomcat]
2020-10-16 14:03:44.686 INFO  [main] org.apache.catalina.core.StandardEngine Starting Servlet engine: [Apache Tomcat/9.0.37]
2020-10-16 14:03:44.765 INFO  [main] org.apache.catalina.core.ContainerBase.[Tomcat].[localhost].[/] Initializing Spring embedded WebApplicationContext
2020-10-16 14:03:44.765 INFO  [main] org.springframework.boot.web.servlet.context.ServletWebServerApplicationContext Root WebApplicationContext: initialization completed in 776 ms
2020-10-16 14:03:44.937 INFO  [main] org.springframework.scheduling.concurrent.ThreadPoolTaskExecutor Initializing ExecutorService 'applicationTaskExecutor'
2020-10-16 14:03:45.046 INFO  [main] org.apache.coyote.http11.Http11NioProtocol Starting ProtocolHandler ["http-nio-8080"]
2020-10-16 14:03:45.076 INFO  [main] org.springframework.boot.web.embedded.tomcat.TomcatWebServer Tomcat started on port(s): 8080 (http) with context path ''
2020-10-16 14:03:45.084 INFO  [main] com.lin.missyou.MissyouApplication Started MissyouApplication in 1.423 seconds (JVM running for 2.39)
2020-10-16 14:04:08.261 INFO  [http-nio-8080-exec-1] org.apache.catalina.core.ContainerBase.[Tomcat].[localhost].[/] Initializing Spring DispatcherServlet 'dispatcherServlet'
2020-10-16 14:04:08.262 INFO  [http-nio-8080-exec-1] org.springframework.web.servlet.DispatcherServlet Initializing Servlet 'dispatcherServlet'
2020-10-16 14:04:08.266 INFO  [http-nio-8080-exec-1] org.springframework.web.servlet.DispatcherServlet Completed initialization in 4 ms
2020-10-16 14:05:54.379 INFO  [main] com.lin.missyou.MissyouApplication Starting MissyouApplication on DESKTOP-KS3IBF3 with PID 13856 (F:\CodeTest\missyou\target\classes started by admin in F:\CodeTest\missyou)
2020-10-16 14:05:54.383 INFO  [main] com.lin.missyou.MissyouApplication No active profile set, falling back to default profiles: default
2020-10-16 14:05:55.192 INFO  [main] org.springframework.boot.web.embedded.tomcat.TomcatWebServer Tomcat initialized with port(s): 8080 (http)
2020-10-16 14:05:55.200 INFO  [main] org.apache.coyote.http11.Http11NioProtocol Initializing ProtocolHandler ["http-nio-8080"]
2020-10-16 14:05:55.200 INFO  [main] org.apache.catalina.core.StandardService Starting service [Tomcat]
2020-10-16 14:05:55.200 INFO  [main] org.apache.catalina.core.StandardEngine Starting Servlet engine: [Apache Tomcat/9.0.37]
2020-10-16 14:05:55.289 INFO  [main] org.apache.catalina.core.ContainerBase.[Tomcat].[localhost].[/] Initializing Spring embedded WebApplicationContext
2020-10-16 14:05:55.289 INFO  [main] org.springframework.boot.web.servlet.context.ServletWebServerApplicationContext Root WebApplicationContext: initialization completed in 854 ms
2020-10-16 14:05:55.463 INFO  [main] org.springframework.scheduling.concurrent.ThreadPoolTaskExecutor Initializing ExecutorService 'applicationTaskExecutor'
2020-10-16 14:05:55.566 INFO  [main] org.apache.coyote.http11.Http11NioProtocol Starting ProtocolHandler ["http-nio-8080"]
2020-10-16 14:05:55.593 INFO  [main] org.springframework.boot.web.embedded.tomcat.TomcatWebServer Tomcat started on port(s): 8080 (http) with context path ''
2020-10-16 14:05:55.601 INFO  [main] com.lin.missyou.MissyouApplication Started MissyouApplication in 1.511 seconds (JVM running for 2.516)
2020-10-16 14:06:00.619 INFO  [http-nio-8080-exec-1] org.apache.catalina.core.ContainerBase.[Tomcat].[localhost].[/] Initializing Spring DispatcherServlet 'dispatcherServlet'
2020-10-16 14:06:00.620 INFO  [http-nio-8080-exec-1] org.springframework.web.servlet.DispatcherServlet Initializing Servlet 'dispatcherServlet'
2020-10-16 14:06:00.624 INFO  [http-nio-8080-exec-1] org.springframework.web.servlet.DispatcherServlet Completed initialization in 4 ms
2020-10-16 14:06:37.360 INFO  [main] com.lin.missyou.MissyouApplication Starting MissyouApplication on DESKTOP-KS3IBF3 with PID 12700 (F:\CodeTest\missyou\target\classes started by admin in F:\CodeTest\missyou)
2020-10-16 14:06:37.363 INFO  [main] com.lin.missyou.MissyouApplication No active profile set, falling back to default profiles: default
2020-10-16 14:06:38.130 INFO  [main] org.springframework.boot.web.embedded.tomcat.TomcatWebServer Tomcat initialized with port(s): 8090 (http)
2020-10-16 14:06:38.139 INFO  [main] org.apache.coyote.http11.Http11NioProtocol Initializing ProtocolHandler ["http-nio-8090"]
2020-10-16 14:06:38.139 INFO  [main] org.apache.catalina.core.StandardService Starting service [Tomcat]
2020-10-16 14:06:38.139 INFO  [main] org.apache.catalina.core.StandardEngine Starting Servlet engine: [Apache Tomcat/9.0.37]
2020-10-16 14:06:38.219 INFO  [main] org.apache.catalina.core.ContainerBase.[Tomcat].[localhost].[/] Initializing Spring embedded WebApplicationContext
2020-10-16 14:06:38.219 INFO  [main] org.springframework.boot.web.servlet.context.ServletWebServerApplicationContext Root WebApplicationContext: initialization completed in 818 ms
2020-10-16 14:06:38.392 INFO  [main] org.springframework.scheduling.concurrent.ThreadPoolTaskExecutor Initializing ExecutorService 'applicationTaskExecutor'
2020-10-16 14:06:38.495 INFO  [main] org.apache.coyote.http11.Http11NioProtocol Starting ProtocolHandler ["http-nio-8090"]
2020-10-16 14:06:38.521 INFO  [main] org.springframework.boot.web.embedded.tomcat.TomcatWebServer Tomcat started on port(s): 8090 (http) with context path ''
2020-10-16 14:06:38.529 INFO  [main] com.lin.missyou.MissyouApplication Started MissyouApplication in 1.458 seconds (JVM running for 2.456)
2020-10-16 14:07:07.681 INFO  [http-nio-8090-exec-1] org.apache.catalina.core.ContainerBase.[Tomcat].[localhost].[/] Initializing Spring DispatcherServlet 'dispatcherServlet'
2020-10-16 14:07:07.681 INFO  [http-nio-8090-exec-1] org.springframework.web.servlet.DispatcherServlet Initializing Servlet 'dispatcherServlet'
2020-10-16 14:07:07.686 INFO  [http-nio-8090-exec-1] org.springframework.web.servlet.DispatcherServlet Completed initialization in 5 ms
2020-10-16 14:10:26.147 INFO  [main] com.lin.missyou.MissyouApplication Starting MissyouApplication on DESKTOP-KS3IBF3 with PID 21436 (F:\CodeTest\missyou\target\classes started by admin in F:\CodeTest\missyou)
2020-10-16 14:10:26.150 INFO  [main] com.lin.missyou.MissyouApplication No active profile set, falling back to default profiles: default
2020-10-16 14:10:26.879 INFO  [main] org.springframework.boot.web.embedded.tomcat.TomcatWebServer Tomcat initialized with port(s): 8090 (http)
2020-10-16 14:10:26.887 INFO  [main] org.apache.coyote.http11.Http11NioProtocol Initializing ProtocolHandler ["http-nio-8090"]
2020-10-16 14:10:26.888 INFO  [main] org.apache.catalina.core.StandardService Starting service [Tomcat]
2020-10-16 14:10:26.888 INFO  [main] org.apache.catalina.core.StandardEngine Starting Servlet engine: [Apache Tomcat/9.0.37]
2020-10-16 14:10:26.959 INFO  [main] org.apache.catalina.core.ContainerBase.[Tomcat].[localhost].[/] Initializing Spring embedded WebApplicationContext
2020-10-16 14:10:26.959 INFO  [main] org.springframework.boot.web.servlet.context.ServletWebServerApplicationContext Root WebApplicationContext: initialization completed in 769 ms
2020-10-16 14:10:27.136 INFO  [main] org.springframework.scheduling.concurrent.ThreadPoolTaskExecutor Initializing ExecutorService 'applicationTaskExecutor'
2020-10-16 14:10:27.242 INFO  [main] org.apache.coyote.http11.Http11NioProtocol Starting ProtocolHandler ["http-nio-8090"]
2020-10-16 14:10:27.271 INFO  [main] org.springframework.boot.web.embedded.tomcat.TomcatWebServer Tomcat started on port(s): 8090 (http) with context path ''
2020-10-16 14:10:27.279 INFO  [main] com.lin.missyou.MissyouApplication Started MissyouApplication in 1.425 seconds (JVM running for 2.346)
2020-10-16 14:10:34.894 INFO  [http-nio-8090-exec-1] org.apache.catalina.core.ContainerBase.[Tomcat].[localhost].[/] Initializing Spring DispatcherServlet 'dispatcherServlet'
2020-10-16 14:10:34.894 INFO  [http-nio-8090-exec-1] org.springframework.web.servlet.DispatcherServlet Initializing Servlet 'dispatcherServlet'
2020-10-16 14:10:34.898 INFO  [http-nio-8090-exec-1] org.springframework.web.servlet.DispatcherServlet Completed initialization in 3 ms
2020-10-16 14:11:47.163 INFO  [main] com.lin.missyou.MissyouApplication Starting MissyouApplication on DESKTOP-KS3IBF3 with PID 23092 (F:\CodeTest\missyou\target\classes started by admin in F:\CodeTest\missyou)
2020-10-16 14:11:47.166 INFO  [main] com.lin.missyou.MissyouApplication No active profile set, falling back to default profiles: default
2020-10-16 14:11:47.918 INFO  [main] org.springframework.boot.web.embedded.tomcat.TomcatWebServer Tomcat initialized with port(s): 8090 (http)
2020-10-16 14:11:47.925 INFO  [main] org.apache.coyote.http11.Http11NioProtocol Initializing ProtocolHandler ["http-nio-8090"]
2020-10-16 14:11:47.926 INFO  [main] org.apache.catalina.core.StandardService Starting service [Tomcat]
2020-10-16 14:11:47.926 INFO  [main] org.apache.catalina.core.StandardEngine Starting Servlet engine: [Apache Tomcat/9.0.37]
2020-10-16 14:11:48.001 INFO  [main] org.apache.catalina.core.ContainerBase.[Tomcat].[localhost].[/] Initializing Spring embedded WebApplicationContext
2020-10-16 14:11:48.001 INFO  [main] org.springframework.boot.web.servlet.context.ServletWebServerApplicationContext Root WebApplicationContext: initialization completed in 797 ms
2020-10-16 14:11:48.212 INFO  [main] org.springframework.scheduling.concurrent.ThreadPoolTaskExecutor Initializing ExecutorService 'applicationTaskExecutor'
2020-10-16 14:11:48.326 INFO  [main] org.apache.coyote.http11.Http11NioProtocol Starting ProtocolHandler ["http-nio-8090"]
2020-10-16 14:11:48.358 INFO  [main] org.springframework.boot.web.embedded.tomcat.TomcatWebServer Tomcat started on port(s): 8090 (http) with context path ''
2020-10-16 14:11:48.370 INFO  [main] com.lin.missyou.MissyouApplication Started MissyouApplication in 1.498 seconds (JVM running for 2.407)
2020-10-16 14:11:58.528 INFO  [http-nio-8090-exec-2] org.apache.catalina.core.ContainerBase.[Tomcat].[localhost].[/] Initializing Spring DispatcherServlet 'dispatcherServlet'
2020-10-16 14:11:58.528 INFO  [http-nio-8090-exec-2] org.springframework.web.servlet.DispatcherServlet Initializing Servlet 'dispatcherServlet'
2020-10-16 14:11:58.532 INFO  [http-nio-8090-exec-2] org.springframework.web.servlet.DispatcherServlet Completed initialization in 4 ms
2020-10-16 14:15:25.561 INFO  [main] com.lin.missyou.MissyouApplication Starting MissyouApplication on DESKTOP-KS3IBF3 with PID 1684 (F:\CodeTest\missyou\target\classes started by admin in F:\CodeTest\missyou)
2020-10-16 14:15:25.564 INFO  [main] com.lin.missyou.MissyouApplication No active profile set, falling back to default profiles: default
2020-10-16 14:15:26.357 INFO  [main] org.springframework.boot.web.embedded.tomcat.TomcatWebServer Tomcat initialized with port(s): 8090 (http)
2020-10-16 14:15:26.364 INFO  [main] org.apache.coyote.http11.Http11NioProtocol Initializing ProtocolHandler ["http-nio-8090"]
2020-10-16 14:15:26.365 INFO  [main] org.apache.catalina.core.StandardService Starting service [Tomcat]
2020-10-16 14:15:26.365 INFO  [main] org.apache.catalina.core.StandardEngine Starting Servlet engine: [Apache Tomcat/9.0.37]
2020-10-16 14:15:26.438 INFO  [main] org.apache.catalina.core.ContainerBase.[Tomcat].[localhost].[/] Initializing Spring embedded WebApplicationContext
2020-10-16 14:15:26.438 INFO  [main] org.springframework.boot.web.servlet.context.ServletWebServerApplicationContext Root WebApplicationContext: initialization completed in 829 ms
2020-10-16 14:15:26.623 INFO  [main] org.springframework.scheduling.concurrent.ThreadPoolTaskExecutor Initializing ExecutorService 'applicationTaskExecutor'
2020-10-16 14:15:26.728 INFO  [main] org.apache.coyote.http11.Http11NioProtocol Starting ProtocolHandler ["http-nio-8090"]
2020-10-16 14:15:26.754 INFO  [main] org.springframework.boot.web.embedded.tomcat.TomcatWebServer Tomcat started on port(s): 8090 (http) with context path ''
2020-10-16 14:15:26.763 INFO  [main] com.lin.missyou.MissyouApplication Started MissyouApplication in 1.469 seconds (JVM running for 2.39)
2020-10-16 14:15:32.797 INFO  [http-nio-8090-exec-1] org.apache.catalina.core.ContainerBase.[Tomcat].[localhost].[/] Initializing Spring DispatcherServlet 'dispatcherServlet'
2020-10-16 14:15:32.797 INFO  [http-nio-8090-exec-1] org.springframework.web.servlet.DispatcherServlet Initializing Servlet 'dispatcherServlet'
2020-10-16 14:15:32.802 INFO  [http-nio-8090-exec-1] org.springframework.web.servlet.DispatcherServlet Completed initialization in 5 ms
2020-10-16 14:16:43.580 INFO  [main] com.lin.missyou.MissyouApplication Starting MissyouApplication on DESKTOP-KS3IBF3 with PID 4784 (F:\CodeTest\missyou\target\classes started by admin in F:\CodeTest\missyou)
2020-10-16 14:16:43.583 INFO  [main] com.lin.missyou.MissyouApplication No active profile set, falling back to default profiles: default
2020-10-16 14:16:44.280 INFO  [main] org.springframework.boot.web.embedded.tomcat.TomcatWebServer Tomcat initialized with port(s): 8090 (http)
2020-10-16 14:16:44.287 INFO  [main] org.apache.coyote.http11.Http11NioProtocol Initializing ProtocolHandler ["http-nio-8090"]
2020-10-16 14:16:44.287 INFO  [main] org.apache.catalina.core.StandardService Starting service [Tomcat]
2020-10-16 14:16:44.287 INFO  [main] org.apache.catalina.core.StandardEngine Starting Servlet engine: [Apache Tomcat/9.0.37]
2020-10-16 14:16:44.357 INFO  [main] org.apache.catalina.core.ContainerBase.[Tomcat].[localhost].[/] Initializing Spring embedded WebApplicationContext
2020-10-16 14:16:44.357 INFO  [main] org.springframework.boot.web.servlet.context.ServletWebServerApplicationContext Root WebApplicationContext: initialization completed in 740 ms
2020-10-16 14:16:44.533 INFO  [main] org.springframework.scheduling.concurrent.ThreadPoolTaskExecutor Initializing ExecutorService 'applicationTaskExecutor'
2020-10-16 14:16:44.644 INFO  [main] org.apache.coyote.http11.Http11NioProtocol Starting ProtocolHandler ["http-nio-8090"]
2020-10-16 14:16:44.662 INFO  [main] org.springframework.boot.web.embedded.tomcat.TomcatWebServer Tomcat started on port(s): 8090 (http) with context path ''
2020-10-16 14:16:44.670 INFO  [main] com.lin.missyou.MissyouApplication Started MissyouApplication in 1.357 seconds (JVM running for 2.232)
2020-10-16 14:16:49.572 INFO  [http-nio-8090-exec-1] org.apache.catalina.core.ContainerBase.[Tomcat].[localhost].[/] Initializing Spring DispatcherServlet 'dispatcherServlet'
2020-10-16 14:16:49.572 INFO  [http-nio-8090-exec-1] org.springframework.web.servlet.DispatcherServlet Initializing Servlet 'dispatcherServlet'
2020-10-16 14:16:49.577 INFO  [http-nio-8090-exec-1] org.springframework.web.servlet.DispatcherServlet Completed initialization in 5 ms
2020-10-16 14:21:07.347 INFO  [main] com.lin.missyou.MissyouApplication Starting MissyouApplication on DESKTOP-KS3IBF3 with PID 26336 (F:\CodeTest\missyou\target\classes started by admin in F:\CodeTest\missyou)
2020-10-16 14:21:07.350 INFO  [main] com.lin.missyou.MissyouApplication No active profile set, falling back to default profiles: default
2020-10-16 14:21:08.103 INFO  [main] org.springframework.boot.web.embedded.tomcat.TomcatWebServer Tomcat initialized with port(s): 8090 (http)
2020-10-16 14:21:08.112 INFO  [main] org.apache.coyote.http11.Http11NioProtocol Initializing ProtocolHandler ["http-nio-8090"]
2020-10-16 14:21:08.113 INFO  [main] org.apache.catalina.core.StandardService Starting service [Tomcat]
2020-10-16 14:21:08.113 INFO  [main] org.apache.catalina.core.StandardEngine Starting Servlet engine: [Apache Tomcat/9.0.37]
2020-10-16 14:21:08.206 INFO  [main] org.apache.catalina.core.ContainerBase.[Tomcat].[localhost].[/] Initializing Spring embedded WebApplicationContext
2020-10-16 14:21:08.206 INFO  [main] org.springframework.boot.web.servlet.context.ServletWebServerApplicationContext Root WebApplicationContext: initialization completed in 818 ms
2020-10-16 14:21:08.378 INFO  [main] org.springframework.scheduling.concurrent.ThreadPoolTaskExecutor Initializing ExecutorService 'applicationTaskExecutor'
2020-10-16 14:21:08.481 INFO  [main] org.apache.coyote.http11.Http11NioProtocol Starting ProtocolHandler ["http-nio-8090"]
2020-10-16 14:21:08.508 INFO  [main] org.springframework.boot.web.embedded.tomcat.TomcatWebServer Tomcat started on port(s): 8090 (http) with context path ''
2020-10-16 14:21:08.516 INFO  [main] com.lin.missyou.MissyouApplication Started MissyouApplication in 1.449 seconds (JVM running for 2.381)
2020-10-16 14:21:57.114 INFO  [http-nio-8090-exec-1] org.apache.catalina.core.ContainerBase.[Tomcat].[localhost].[/] Initializing Spring DispatcherServlet 'dispatcherServlet'
2020-10-16 14:21:57.114 INFO  [http-nio-8090-exec-1] org.springframework.web.servlet.DispatcherServlet Initializing Servlet 'dispatcherServlet'
2020-10-16 14:21:57.118 INFO  [http-nio-8090-exec-1] org.springframework.web.servlet.DispatcherServlet Completed initialization in 4 ms
2020-10-16 14:26:00.884 INFO  [main] com.lin.missyou.MissyouApplication Starting MissyouApplication on DESKTOP-KS3IBF3 with PID 8984 (F:\CodeTest\missyou\target\classes started by admin in F:\CodeTest\missyou)
2020-10-16 14:26:00.887 INFO  [main] com.lin.missyou.MissyouApplication No active profile set, falling back to default profiles: default
2020-10-16 14:26:01.628 INFO  [main] org.springframework.boot.web.embedded.tomcat.TomcatWebServer Tomcat initialized with port(s): 8090 (http)
2020-10-16 14:26:01.635 INFO  [main] org.apache.coyote.http11.Http11NioProtocol Initializing ProtocolHandler ["http-nio-8090"]
2020-10-16 14:26:01.636 INFO  [main] org.apache.catalina.core.StandardService Starting service [Tomcat]
2020-10-16 14:26:01.636 INFO  [main] org.apache.catalina.core.StandardEngine Starting Servlet engine: [Apache Tomcat/9.0.37]
2020-10-16 14:26:01.708 INFO  [main] org.apache.catalina.core.ContainerBase.[Tomcat].[localhost].[/] Initializing Spring embedded WebApplicationContext
2020-10-16 14:26:01.708 INFO  [main] org.springframework.boot.web.servlet.context.ServletWebServerApplicationContext Root WebApplicationContext: initialization completed in 783 ms
2020-10-16 14:26:01.888 INFO  [main] org.springframework.scheduling.concurrent.ThreadPoolTaskExecutor Initializing ExecutorService 'applicationTaskExecutor'
2020-10-16 14:26:01.994 INFO  [main] org.apache.coyote.http11.Http11NioProtocol Starting ProtocolHandler ["http-nio-8090"]
2020-10-16 14:26:02.024 INFO  [main] org.springframework.boot.web.embedded.tomcat.TomcatWebServer Tomcat started on port(s): 8090 (http) with context path ''
2020-10-16 14:26:02.032 INFO  [main] com.lin.missyou.MissyouApplication Started MissyouApplication in 1.432 seconds (JVM running for 2.356)
2020-10-16 14:26:51.304 INFO  [http-nio-8090-exec-1] org.apache.catalina.core.ContainerBase.[Tomcat].[localhost].[/] Initializing Spring DispatcherServlet 'dispatcherServlet'
2020-10-16 14:26:51.304 INFO  [http-nio-8090-exec-1] org.springframework.web.servlet.DispatcherServlet Initializing Servlet 'dispatcherServlet'
2020-10-16 14:26:51.309 INFO  [http-nio-8090-exec-1] org.springframework.web.servlet.DispatcherServlet Completed initialization in 5 ms
2020-10-16 14:27:07.439 INFO  [main] com.lin.missyou.MissyouApplication Starting MissyouApplication on DESKTOP-KS3IBF3 with PID 15988 (F:\CodeTest\missyou\target\classes started by admin in F:\CodeTest\missyou)
2020-10-16 14:27:07.442 INFO  [main] com.lin.missyou.MissyouApplication No active profile set, falling back to default profiles: default
2020-10-16 14:27:08.167 INFO  [main] org.springframework.boot.web.embedded.tomcat.TomcatWebServer Tomcat initialized with port(s): 8090 (http)
2020-10-16 14:27:08.174 INFO  [main] org.apache.coyote.http11.Http11NioProtocol Initializing ProtocolHandler ["http-nio-8090"]
2020-10-16 14:27:08.175 INFO  [main] org.apache.catalina.core.StandardService Starting service [Tomcat]
2020-10-16 14:27:08.175 INFO  [main] org.apache.catalina.core.StandardEngine Starting Servlet engine: [Apache Tomcat/9.0.37]
2020-10-16 14:27:08.270 INFO  [main] org.apache.catalina.core.ContainerBase.[Tomcat].[localhost].[/] Initializing Spring embedded WebApplicationContext
2020-10-16 14:27:08.270 INFO  [main] org.springframework.boot.web.servlet.context.ServletWebServerApplicationContext Root WebApplicationContext: initialization completed in 790 ms
2020-10-16 14:27:08.441 INFO  [main] org.springframework.scheduling.concurrent.ThreadPoolTaskExecutor Initializing ExecutorService 'applicationTaskExecutor'
2020-10-16 14:27:08.551 INFO  [main] org.apache.coyote.http11.Http11NioProtocol Starting ProtocolHandler ["http-nio-8090"]
2020-10-16 14:27:08.569 INFO  [main] org.springframework.boot.web.embedded.tomcat.TomcatWebServer Tomcat started on port(s): 8090 (http) with context path ''
2020-10-16 14:27:08.577 INFO  [main] com.lin.missyou.MissyouApplication Started MissyouApplication in 1.423 seconds (JVM running for 2.376)
2020-10-16 14:27:12.785 INFO  [http-nio-8090-exec-1] org.apache.catalina.core.ContainerBase.[Tomcat].[localhost].[/] Initializing Spring DispatcherServlet 'dispatcherServlet'
2020-10-16 14:27:12.786 INFO  [http-nio-8090-exec-1] org.springframework.web.servlet.DispatcherServlet Initializing Servlet 'dispatcherServlet'
2020-10-16 14:27:12.790 INFO  [http-nio-8090-exec-1] org.springframework.web.servlet.DispatcherServlet Completed initialization in 4 ms
2020-10-16 14:29:13.964 INFO  [main] com.lin.missyou.MissyouApplication Starting MissyouApplication on DESKTOP-KS3IBF3 with PID 4636 (F:\CodeTest\missyou\target\classes started by admin in F:\CodeTest\missyou)
2020-10-16 14:29:13.966 INFO  [main] com.lin.missyou.MissyouApplication No active profile set, falling back to default profiles: default
2020-10-16 14:29:14.727 INFO  [main] org.springframework.boot.web.embedded.tomcat.TomcatWebServer Tomcat initialized with port(s): 8090 (http)
2020-10-16 14:29:14.734 INFO  [main] org.apache.coyote.http11.Http11NioProtocol Initializing ProtocolHandler ["http-nio-8090"]
2020-10-16 14:29:14.734 INFO  [main] org.apache.catalina.core.StandardService Starting service [Tomcat]
2020-10-16 14:29:14.735 INFO  [main] org.apache.catalina.core.StandardEngine Starting Servlet engine: [Apache Tomcat/9.0.37]
2020-10-16 14:29:14.821 INFO  [main] org.apache.catalina.core.ContainerBase.[Tomcat].[localhost].[/] Initializing Spring embedded WebApplicationContext
2020-10-16 14:29:14.822 INFO  [main] org.springframework.boot.web.servlet.context.ServletWebServerApplicationContext Root WebApplicationContext: initialization completed in 814 ms
2020-10-16 14:29:14.995 INFO  [main] org.springframework.scheduling.concurrent.ThreadPoolTaskExecutor Initializing ExecutorService 'applicationTaskExecutor'
2020-10-16 14:29:15.105 INFO  [main] org.apache.coyote.http11.Http11NioProtocol Starting ProtocolHandler ["http-nio-8090"]
2020-10-16 14:29:15.124 INFO  [main] org.springframework.boot.web.embedded.tomcat.TomcatWebServer Tomcat started on port(s): 8090 (http) with context path ''
2020-10-16 14:29:15.132 INFO  [main] com.lin.missyou.MissyouApplication Started MissyouApplication in 1.467 seconds (JVM running for 2.395)
2020-10-16 14:29:18.526 INFO  [http-nio-8090-exec-2] org.apache.catalina.core.ContainerBase.[Tomcat].[localhost].[/] Initializing Spring DispatcherServlet 'dispatcherServlet'
2020-10-16 14:29:18.526 INFO  [http-nio-8090-exec-2] org.springframework.web.servlet.DispatcherServlet Initializing Servlet 'dispatcherServlet'
2020-10-16 14:29:18.530 INFO  [http-nio-8090-exec-2] org.springframework.web.servlet.DispatcherServlet Completed initialization in 4 ms
2020-10-16 14:32:43.369 INFO  [main] com.lin.missyou.MissyouApplication Starting MissyouApplication on DESKTOP-KS3IBF3 with PID 9696 (F:\CodeTest\missyou\target\classes started by admin in F:\CodeTest\missyou)
2020-10-16 14:32:43.372 INFO  [main] com.lin.missyou.MissyouApplication No active profile set, falling back to default profiles: default
2020-10-16 14:32:44.089 INFO  [main] org.springframework.boot.web.embedded.tomcat.TomcatWebServer Tomcat initialized with port(s): 8090 (http)
2020-10-16 14:32:44.096 INFO  [main] org.apache.coyote.http11.Http11NioProtocol Initializing ProtocolHandler ["http-nio-8090"]
2020-10-16 14:32:44.097 INFO  [main] org.apache.catalina.core.StandardService Starting service [Tomcat]
2020-10-16 14:32:44.097 INFO  [main] org.apache.catalina.core.StandardEngine Starting Servlet engine: [Apache Tomcat/9.0.37]
2020-10-16 14:32:44.168 INFO  [main] org.apache.catalina.core.ContainerBase.[Tomcat].[localhost].[/] Initializing Spring embedded WebApplicationContext
2020-10-16 14:32:44.168 INFO  [main] org.springframework.boot.web.servlet.context.ServletWebServerApplicationContext Root WebApplicationContext: initialization completed in 758 ms
2020-10-16 14:32:44.339 INFO  [main] org.springframework.scheduling.concurrent.ThreadPoolTaskExecutor Initializing ExecutorService 'applicationTaskExecutor'
2020-10-16 14:32:44.442 INFO  [main] org.apache.coyote.http11.Http11NioProtocol Starting ProtocolHandler ["http-nio-8090"]
2020-10-16 14:32:44.470 INFO  [main] org.springframework.boot.web.embedded.tomcat.TomcatWebServer Tomcat started on port(s): 8090 (http) with context path ''
2020-10-16 14:32:44.477 INFO  [main] com.lin.missyou.MissyouApplication Started MissyouApplication in 1.395 seconds (JVM running for 2.336)
2020-10-16 14:40:47.148 INFO  [main] com.lin.missyou.MissyouApplication Starting MissyouApplication on DESKTOP-KS3IBF3 with PID 17252 (F:\CodeTest\missyou\target\classes started by admin in F:\CodeTest\missyou)
2020-10-16 14:40:47.151 INFO  [main] com.lin.missyou.MissyouApplication No active profile set, falling back to default profiles: default
2020-10-16 14:40:47.864 INFO  [main] org.springframework.boot.web.embedded.tomcat.TomcatWebServer Tomcat initialized with port(s): 8090 (http)
2020-10-16 14:40:47.871 INFO  [main] org.apache.coyote.http11.Http11NioProtocol Initializing ProtocolHandler ["http-nio-8090"]
2020-10-16 14:40:47.872 INFO  [main] org.apache.catalina.core.StandardService Starting service [Tomcat]
2020-10-16 14:40:47.872 INFO  [main] org.apache.catalina.core.StandardEngine Starting Servlet engine: [Apache Tomcat/9.0.37]
2020-10-16 14:40:47.958 INFO  [main] org.apache.catalina.core.ContainerBase.[Tomcat].[localhost].[/] Initializing Spring embedded WebApplicationContext
2020-10-16 14:40:47.958 INFO  [main] org.springframework.boot.web.servlet.context.ServletWebServerApplicationContext Root WebApplicationContext: initialization completed in 769 ms
2020-10-16 14:40:48.129 INFO  [main] org.springframework.scheduling.concurrent.ThreadPoolTaskExecutor Initializing ExecutorService 'applicationTaskExecutor'
2020-10-16 14:40:48.232 INFO  [main] org.apache.coyote.http11.Http11NioProtocol Starting ProtocolHandler ["http-nio-8090"]
2020-10-16 14:40:48.258 INFO  [main] org.springframework.boot.web.embedded.tomcat.TomcatWebServer Tomcat started on port(s): 8090 (http) with context path ''
2020-10-16 14:40:48.266 INFO  [main] com.lin.missyou.MissyouApplication Started MissyouApplication in 1.456 seconds (JVM running for 2.401)
2020-10-16 14:41:41.409 INFO  [http-nio-8090-exec-2] org.apache.catalina.core.ContainerBase.[Tomcat].[localhost].[/] Initializing Spring DispatcherServlet 'dispatcherServlet'
2020-10-16 14:41:41.409 INFO  [http-nio-8090-exec-2] org.springframework.web.servlet.DispatcherServlet Initializing Servlet 'dispatcherServlet'
2020-10-16 14:41:41.415 INFO  [http-nio-8090-exec-2] org.springframework.web.servlet.DispatcherServlet Completed initialization in 5 ms
2020-10-16 14:42:21.412 INFO  [main] com.lin.missyou.MissyouApplication Starting MissyouApplication on DESKTOP-KS3IBF3 with PID 12184 (F:\CodeTest\missyou\target\classes started by admin in F:\CodeTest\missyou)
2020-10-16 14:42:21.415 INFO  [main] com.lin.missyou.MissyouApplication No active profile set, falling back to default profiles: default
2020-10-16 14:42:22.167 INFO  [main] org.springframework.boot.web.embedded.tomcat.TomcatWebServer Tomcat initialized with port(s): 8090 (http)
2020-10-16 14:42:22.174 INFO  [main] org.apache.coyote.http11.Http11NioProtocol Initializing ProtocolHandler ["http-nio-8090"]
2020-10-16 14:42:22.175 INFO  [main] org.apache.catalina.core.StandardService Starting service [Tomcat]
2020-10-16 14:42:22.175 INFO  [main] org.apache.catalina.core.StandardEngine Starting Servlet engine: [Apache Tomcat/9.0.37]
2020-10-16 14:42:22.259 INFO  [main] org.apache.catalina.core.ContainerBase.[Tomcat].[localhost].[/] Initializing Spring embedded WebApplicationContext
2020-10-16 14:42:22.259 INFO  [main] org.springframework.boot.web.servlet.context.ServletWebServerApplicationContext Root WebApplicationContext: initialization completed in 808 ms
2020-10-16 14:42:22.432 INFO  [main] org.springframework.scheduling.concurrent.ThreadPoolTaskExecutor Initializing ExecutorService 'applicationTaskExecutor'
2020-10-16 14:42:22.533 INFO  [main] org.apache.coyote.http11.Http11NioProtocol Starting ProtocolHandler ["http-nio-8090"]
2020-10-16 14:42:22.562 INFO  [main] org.springframework.boot.web.embedded.tomcat.TomcatWebServer Tomcat started on port(s): 8090 (http) with context path ''
2020-10-16 14:42:22.570 INFO  [main] com.lin.missyou.MissyouApplication Started MissyouApplication in 1.452 seconds (JVM running for 2.408)
2020-10-16 14:42:26.071 INFO  [http-nio-8090-exec-2] org.apache.catalina.core.ContainerBase.[Tomcat].[localhost].[/] Initializing Spring DispatcherServlet 'dispatcherServlet'
2020-10-16 14:42:26.071 INFO  [http-nio-8090-exec-2] org.springframework.web.servlet.DispatcherServlet Initializing Servlet 'dispatcherServlet'
2020-10-16 14:42:26.075 INFO  [http-nio-8090-exec-2] org.springframework.web.servlet.DispatcherServlet Completed initialization in 4 ms
2020-10-16 14:42:48.469 INFO  [main] com.lin.missyou.MissyouApplication Starting MissyouApplication on DESKTOP-KS3IBF3 with PID 7644 (F:\CodeTest\missyou\target\classes started by admin in F:\CodeTest\missyou)
2020-10-16 14:42:48.472 INFO  [main] com.lin.missyou.MissyouApplication No active profile set, falling back to default profiles: default
2020-10-16 14:42:49.240 INFO  [main] org.springframework.boot.web.embedded.tomcat.TomcatWebServer Tomcat initialized with port(s): 8090 (http)
2020-10-16 14:42:49.248 INFO  [main] org.apache.coyote.http11.Http11NioProtocol Initializing ProtocolHandler ["http-nio-8090"]
2020-10-16 14:42:49.248 INFO  [main] org.apache.catalina.core.StandardService Starting service [Tomcat]
2020-10-16 14:42:49.248 INFO  [main] org.apache.catalina.core.StandardEngine Starting Servlet engine: [Apache Tomcat/9.0.37]
2020-10-16 14:42:49.372 INFO  [main] org.apache.catalina.core.ContainerBase.[Tomcat].[localhost].[/] Initializing Spring embedded WebApplicationContext
2020-10-16 14:42:49.372 INFO  [main] org.springframework.boot.web.servlet.context.ServletWebServerApplicationContext Root WebApplicationContext: initialization completed in 857 ms
2020-10-16 14:42:49.555 INFO  [main] org.springframework.scheduling.concurrent.ThreadPoolTaskExecutor Initializing ExecutorService 'applicationTaskExecutor'
2020-10-16 14:42:49.669 INFO  [main] org.apache.coyote.http11.Http11NioProtocol Starting ProtocolHandler ["http-nio-8090"]
2020-10-16 14:42:49.700 INFO  [main] org.springframework.boot.web.embedded.tomcat.TomcatWebServer Tomcat started on port(s): 8090 (http) with context path ''
2020-10-16 14:42:49.708 INFO  [main] com.lin.missyou.MissyouApplication Started MissyouApplication in 1.526 seconds (JVM running for 2.442)
2020-10-16 14:42:52.433 INFO  [http-nio-8090-exec-1] org.apache.catalina.core.ContainerBase.[Tomcat].[localhost].[/] Initializing Spring DispatcherServlet 'dispatcherServlet'
2020-10-16 14:42:52.433 INFO  [http-nio-8090-exec-1] org.springframework.web.servlet.DispatcherServlet Initializing Servlet 'dispatcherServlet'
2020-10-16 14:42:52.438 INFO  [http-nio-8090-exec-1] org.springframework.web.servlet.DispatcherServlet Completed initialization in 4 ms
2020-10-16 15:52:58.599 INFO  [main] com.lin.missyou.MissyouApplication Starting MissyouApplication on DESKTOP-KS3IBF3 with PID 18996 (F:\CodeTest\missyou\target\classes started by admin in F:\CodeTest\missyou)
2020-10-16 15:52:58.602 INFO  [main] com.lin.missyou.MissyouApplication No active profile set, falling back to default profiles: default
2020-10-16 15:52:59.326 INFO  [main] org.springframework.boot.web.embedded.tomcat.TomcatWebServer Tomcat initialized with port(s): 8090 (http)
2020-10-16 15:52:59.334 INFO  [main] org.apache.coyote.http11.Http11NioProtocol Initializing ProtocolHandler ["http-nio-8090"]
2020-10-16 15:52:59.334 INFO  [main] org.apache.catalina.core.StandardService Starting service [Tomcat]
2020-10-16 15:52:59.334 INFO  [main] org.apache.catalina.core.StandardEngine Starting Servlet engine: [Apache Tomcat/9.0.37]
2020-10-16 15:52:59.405 INFO  [main] org.apache.catalina.core.ContainerBase.[Tomcat].[localhost].[/] Initializing Spring embedded WebApplicationContext
2020-10-16 15:52:59.406 INFO  [main] org.springframework.boot.web.servlet.context.ServletWebServerApplicationContext Root WebApplicationContext: initialization completed in 764 ms
2020-10-16 15:52:59.586 INFO  [main] org.springframework.scheduling.concurrent.ThreadPoolTaskExecutor Initializing ExecutorService 'applicationTaskExecutor'
2020-10-16 15:52:59.704 INFO  [main] org.apache.coyote.http11.Http11NioProtocol Starting ProtocolHandler ["http-nio-8090"]
2020-10-16 15:52:59.723 INFO  [main] org.springframework.boot.web.embedded.tomcat.TomcatWebServer Tomcat started on port(s): 8090 (http) with context path ''
2020-10-16 15:52:59.731 INFO  [main] com.lin.missyou.MissyouApplication Started MissyouApplication in 1.447 seconds (JVM running for 2.644)
2020-10-16 15:53:23.701 INFO  [http-nio-8090-exec-2] org.apache.catalina.core.ContainerBase.[Tomcat].[localhost].[/] Initializing Spring DispatcherServlet 'dispatcherServlet'
2020-10-16 15:53:23.702 INFO  [http-nio-8090-exec-2] org.springframework.web.servlet.DispatcherServlet Initializing Servlet 'dispatcherServlet'
2020-10-16 15:53:23.707 INFO  [http-nio-8090-exec-2] org.springframework.web.servlet.DispatcherServlet Completed initialization in 5 ms
2020-10-16 15:53:45.324 INFO  [main] com.lin.missyou.MissyouApplication Starting MissyouApplication on DESKTOP-KS3IBF3 with PID 19940 (F:\CodeTest\missyou\target\classes started by admin in F:\CodeTest\missyou)
2020-10-16 15:53:45.327 INFO  [main] com.lin.missyou.MissyouApplication No active profile set, falling back to default profiles: default
2020-10-16 15:53:46.070 INFO  [main] org.springframework.boot.web.embedded.tomcat.TomcatWebServer Tomcat initialized with port(s): 8090 (http)
2020-10-16 15:53:46.077 INFO  [main] org.apache.coyote.http11.Http11NioProtocol Initializing ProtocolHandler ["http-nio-8090"]
2020-10-16 15:53:46.077 INFO  [main] org.apache.catalina.core.StandardService Starting service [Tomcat]
2020-10-16 15:53:46.077 INFO  [main] org.apache.catalina.core.StandardEngine Starting Servlet engine: [Apache Tomcat/9.0.37]
2020-10-16 15:53:46.151 INFO  [main] org.apache.catalina.core.ContainerBase.[Tomcat].[localhost].[/] Initializing Spring embedded WebApplicationContext
2020-10-16 15:53:46.151 INFO  [main] org.springframework.boot.web.servlet.context.ServletWebServerApplicationContext Root WebApplicationContext: initialization completed in 786 ms
2020-10-16 15:53:46.321 INFO  [main] org.springframework.scheduling.concurrent.ThreadPoolTaskExecutor Initializing ExecutorService 'applicationTaskExecutor'
2020-10-16 15:53:46.422 INFO  [main] org.apache.coyote.http11.Http11NioProtocol Starting ProtocolHandler ["http-nio-8090"]
2020-10-16 15:53:46.455 INFO  [main] org.springframework.boot.web.embedded.tomcat.TomcatWebServer Tomcat started on port(s): 8090 (http) with context path ''
2020-10-16 15:53:46.463 INFO  [main] com.lin.missyou.MissyouApplication Started MissyouApplication in 1.447 seconds (JVM running for 2.47)
2020-10-16 15:54:04.589 INFO  [http-nio-8090-exec-1] org.apache.catalina.core.ContainerBase.[Tomcat].[localhost].[/] Initializing Spring DispatcherServlet 'dispatcherServlet'
2020-10-16 15:54:04.589 INFO  [http-nio-8090-exec-1] org.springframework.web.servlet.DispatcherServlet Initializing Servlet 'dispatcherServlet'
2020-10-16 15:54:04.594 INFO  [http-nio-8090-exec-1] org.springframework.web.servlet.DispatcherServlet Completed initialization in 5 ms
2020-10-16 15:55:02.694 INFO  [main] com.lin.missyou.MissyouApplication Starting MissyouApplication on DESKTOP-KS3IBF3 with PID 23792 (F:\CodeTest\missyou\target\classes started by admin in F:\CodeTest\missyou)
2020-10-16 15:55:02.697 INFO  [main] com.lin.missyou.MissyouApplication No active profile set, falling back to default profiles: default
2020-10-16 15:55:03.455 INFO  [main] org.springframework.boot.web.embedded.tomcat.TomcatWebServer Tomcat initialized with port(s): 8090 (http)
2020-10-16 15:55:03.462 INFO  [main] org.apache.coyote.http11.Http11NioProtocol Initializing ProtocolHandler ["http-nio-8090"]
2020-10-16 15:55:03.463 INFO  [main] org.apache.catalina.core.StandardService Starting service [Tomcat]
2020-10-16 15:55:03.463 INFO  [main] org.apache.catalina.core.StandardEngine Starting Servlet engine: [Apache Tomcat/9.0.37]
2020-10-16 15:55:03.535 INFO  [main] org.apache.catalina.core.ContainerBase.[Tomcat].[localhost].[/] Initializing Spring embedded WebApplicationContext
2020-10-16 15:55:03.535 INFO  [main] org.springframework.boot.web.servlet.context.ServletWebServerApplicationContext Root WebApplicationContext: initialization completed in 800 ms
2020-10-16 15:55:03.710 INFO  [main] org.springframework.scheduling.concurrent.ThreadPoolTaskExecutor Initializing ExecutorService 'applicationTaskExecutor'
2020-10-16 15:55:03.815 INFO  [main] org.apache.coyote.http11.Http11NioProtocol Starting ProtocolHandler ["http-nio-8090"]
2020-10-16 15:55:03.844 INFO  [main] org.springframework.boot.web.embedded.tomcat.TomcatWebServer Tomcat started on port(s): 8090 (http) with context path ''
2020-10-16 15:55:03.852 INFO  [main] com.lin.missyou.MissyouApplication Started MissyouApplication in 1.461 seconds (JVM running for 2.403)
2020-10-16 15:55:09.752 INFO  [http-nio-8090-exec-2] org.apache.catalina.core.ContainerBase.[Tomcat].[localhost].[/] Initializing Spring DispatcherServlet 'dispatcherServlet'
2020-10-16 15:55:09.752 INFO  [http-nio-8090-exec-2] org.springframework.web.servlet.DispatcherServlet Initializing Servlet 'dispatcherServlet'
2020-10-16 15:55:09.757 INFO  [http-nio-8090-exec-2] org.springframework.web.servlet.DispatcherServlet Completed initialization in 5 ms
2020-10-16 15:58:13.894 INFO  [main] com.lin.missyou.MissyouApplication Starting MissyouApplication on DESKTOP-KS3IBF3 with PID 17800 (F:\CodeTest\missyou\target\classes started by admin in F:\CodeTest\missyou)
2020-10-16 15:58:13.897 INFO  [main] com.lin.missyou.MissyouApplication No active profile set, falling back to default profiles: default
2020-10-16 15:58:14.628 INFO  [main] org.springframework.boot.web.embedded.tomcat.TomcatWebServer Tomcat initialized with port(s): 8090 (http)
2020-10-16 15:58:14.635 INFO  [main] org.apache.coyote.http11.Http11NioProtocol Initializing ProtocolHandler ["http-nio-8090"]
2020-10-16 15:58:14.636 INFO  [main] org.apache.catalina.core.StandardService Starting service [Tomcat]
2020-10-16 15:58:14.636 INFO  [main] org.apache.catalina.core.StandardEngine Starting Servlet engine: [Apache Tomcat/9.0.37]
2020-10-16 15:58:14.706 INFO  [main] org.apache.catalina.core.ContainerBase.[Tomcat].[localhost].[/] Initializing Spring embedded WebApplicationContext
2020-10-16 15:58:14.706 INFO  [main] org.springframework.boot.web.servlet.context.ServletWebServerApplicationContext Root WebApplicationContext: initialization completed in 770 ms
2020-10-16 15:58:14.880 INFO  [main] org.springframework.scheduling.concurrent.ThreadPoolTaskExecutor Initializing ExecutorService 'applicationTaskExecutor'
2020-10-16 15:58:14.990 INFO  [main] org.apache.coyote.http11.Http11NioProtocol Starting ProtocolHandler ["http-nio-8090"]
2020-10-16 15:58:15.008 INFO  [main] org.springframework.boot.web.embedded.tomcat.TomcatWebServer Tomcat started on port(s): 8090 (http) with context path ''
2020-10-16 15:58:15.015 INFO  [main] com.lin.missyou.MissyouApplication Started MissyouApplication in 1.402 seconds (JVM running for 2.315)
2020-10-16 15:58:38.595 INFO  [main] com.lin.missyou.MissyouApplication Starting MissyouApplication on DESKTOP-KS3IBF3 with PID 20224 (F:\CodeTest\missyou\target\classes started by admin in F:\CodeTest\missyou)
2020-10-16 15:58:38.597 INFO  [main] com.lin.missyou.MissyouApplication No active profile set, falling back to default profiles: default
2020-10-16 15:58:39.330 INFO  [main] org.springframework.boot.web.embedded.tomcat.TomcatWebServer Tomcat initialized with port(s): 8090 (http)
2020-10-16 15:58:39.338 INFO  [main] org.apache.coyote.http11.Http11NioProtocol Initializing ProtocolHandler ["http-nio-8090"]
2020-10-16 15:58:39.338 INFO  [main] org.apache.catalina.core.StandardService Starting service [Tomcat]
2020-10-16 15:58:39.338 INFO  [main] org.apache.catalina.core.StandardEngine Starting Servlet engine: [Apache Tomcat/9.0.37]
2020-10-16 15:58:39.408 INFO  [main] org.apache.catalina.core.ContainerBase.[Tomcat].[localhost].[/] Initializing Spring embedded WebApplicationContext
2020-10-16 15:58:39.408 INFO  [main] org.springframework.boot.web.servlet.context.ServletWebServerApplicationContext Root WebApplicationContext: initialization completed in 775 ms
2020-10-16 15:58:39.582 INFO  [main] org.springframework.scheduling.concurrent.ThreadPoolTaskExecutor Initializing ExecutorService 'applicationTaskExecutor'
2020-10-16 15:58:39.687 INFO  [main] org.apache.coyote.http11.Http11NioProtocol Starting ProtocolHandler ["http-nio-8090"]
2020-10-16 15:58:39.708 INFO  [main] org.springframework.boot.web.embedded.tomcat.TomcatWebServer Tomcat started on port(s): 8090 (http) with context path ''
2020-10-16 15:58:39.718 INFO  [main] com.lin.missyou.MissyouApplication Started MissyouApplication in 1.389 seconds (JVM running for 2.273)
2020-10-16 15:58:59.172 INFO  [http-nio-8090-exec-1] org.apache.catalina.core.ContainerBase.[Tomcat].[localhost].[/] Initializing Spring DispatcherServlet 'dispatcherServlet'
2020-10-16 15:58:59.172 INFO  [http-nio-8090-exec-1] org.springframework.web.servlet.DispatcherServlet Initializing Servlet 'dispatcherServlet'
2020-10-16 15:58:59.176 INFO  [http-nio-8090-exec-1] org.springframework.web.servlet.DispatcherServlet Completed initialization in 4 ms
2020-10-16 16:00:53.903 INFO  [main] com.lin.missyou.MissyouApplication Starting MissyouApplication on DESKTOP-KS3IBF3 with PID 17144 (F:\CodeTest\missyou\target\classes started by admin in F:\CodeTest\missyou)
2020-10-16 16:00:53.906 INFO  [main] com.lin.missyou.MissyouApplication No active profile set, falling back to default profiles: default
2020-10-16 16:00:54.684 INFO  [main] org.springframework.boot.web.embedded.tomcat.TomcatWebServer Tomcat initialized with port(s): 8090 (http)
2020-10-16 16:00:54.692 INFO  [main] org.apache.coyote.http11.Http11NioProtocol Initializing ProtocolHandler ["http-nio-8090"]
2020-10-16 16:00:54.693 INFO  [main] org.apache.catalina.core.StandardService Starting service [Tomcat]
2020-10-16 16:00:54.693 INFO  [main] org.apache.catalina.core.StandardEngine Starting Servlet engine: [Apache Tomcat/9.0.37]
2020-10-16 16:00:54.773 INFO  [main] org.apache.catalina.core.ContainerBase.[Tomcat].[localhost].[/] Initializing Spring embedded WebApplicationContext
2020-10-16 16:00:54.773 INFO  [main] org.springframework.boot.web.servlet.context.ServletWebServerApplicationContext Root WebApplicationContext: initialization completed in 823 ms
2020-10-16 16:00:54.959 INFO  [main] org.springframework.scheduling.concurrent.ThreadPoolTaskExecutor Initializing ExecutorService 'applicationTaskExecutor'
2020-10-16 16:00:55.065 INFO  [main] org.apache.coyote.http11.Http11NioProtocol Starting ProtocolHandler ["http-nio-8090"]
2020-10-16 16:00:55.093 INFO  [main] org.springframework.boot.web.embedded.tomcat.TomcatWebServer Tomcat started on port(s): 8090 (http) with context path ''
2020-10-16 16:00:55.101 INFO  [main] com.lin.missyou.MissyouApplication Started MissyouApplication in 1.483 seconds (JVM running for 2.39)
2020-10-16 16:01:01.409 INFO  [http-nio-8090-exec-2] org.apache.catalina.core.ContainerBase.[Tomcat].[localhost].[/] Initializing Spring DispatcherServlet 'dispatcherServlet'
2020-10-16 16:01:01.409 INFO  [http-nio-8090-exec-2] org.springframework.web.servlet.DispatcherServlet Initializing Servlet 'dispatcherServlet'
2020-10-16 16:01:01.414 INFO  [http-nio-8090-exec-2] org.springframework.web.servlet.DispatcherServlet Completed initialization in 5 ms
2020-10-16 16:36:06.782 INFO  [main] com.lin.missyou.MissyouApplication Starting MissyouApplication on DESKTOP-KS3IBF3 with PID 9284 (F:\CodeTest\missyou\target\classes started by admin in F:\CodeTest\missyou)
2020-10-16 16:36:06.784 INFO  [main] com.lin.missyou.MissyouApplication No active profile set, falling back to default profiles: default
2020-10-16 16:36:07.496 INFO  [main] org.springframework.boot.web.embedded.tomcat.TomcatWebServer Tomcat initialized with port(s): 8090 (http)
2020-10-16 16:36:07.503 INFO  [main] org.apache.coyote.http11.Http11NioProtocol Initializing ProtocolHandler ["http-nio-8090"]
2020-10-16 16:36:07.504 INFO  [main] org.apache.catalina.core.StandardService Starting service [Tomcat]
2020-10-16 16:36:07.504 INFO  [main] org.apache.catalina.core.StandardEngine Starting Servlet engine: [Apache Tomcat/9.0.37]
2020-10-16 16:36:07.575 INFO  [main] org.apache.catalina.core.ContainerBase.[Tomcat].[localhost].[/] Initializing Spring embedded WebApplicationContext
2020-10-16 16:36:07.575 INFO  [main] org.springframework.boot.web.servlet.context.ServletWebServerApplicationContext Root WebApplicationContext: initialization completed in 757 ms
2020-10-16 16:36:07.772 INFO  [main] org.springframework.scheduling.concurrent.ThreadPoolTaskExecutor Initializing ExecutorService 'applicationTaskExecutor'
2020-10-16 16:36:07.873 INFO  [main] org.apache.coyote.http11.Http11NioProtocol Starting ProtocolHandler ["http-nio-8090"]
2020-10-16 16:36:07.899 INFO  [main] org.springframework.boot.web.embedded.tomcat.TomcatWebServer Tomcat started on port(s): 8090 (http) with context path ''
2020-10-16 16:36:07.907 INFO  [main] com.lin.missyou.MissyouApplication Started MissyouApplication in 1.414 seconds (JVM running for 2.372)
2020-10-16 16:36:21.031 INFO  [http-nio-8090-exec-3] org.apache.catalina.core.ContainerBase.[Tomcat].[localhost].[/] Initializing Spring DispatcherServlet 'dispatcherServlet'
2020-10-16 16:36:21.031 INFO  [http-nio-8090-exec-3] org.springframework.web.servlet.DispatcherServlet Initializing Servlet 'dispatcherServlet'
2020-10-16 16:36:21.036 INFO  [http-nio-8090-exec-3] org.springframework.web.servlet.DispatcherServlet Completed initialization in 5 ms
2020-10-16 16:44:08.470 INFO  [main] com.lin.missyou.MissyouApplication Starting MissyouApplication on DESKTOP-KS3IBF3 with PID 21424 (F:\CodeTest\missyou\target\classes started by admin in F:\CodeTest\missyou)
2020-10-16 16:44:08.473 INFO  [main] com.lin.missyou.MissyouApplication No active profile set, falling back to default profiles: default
2020-10-16 16:44:09.245 INFO  [main] org.springframework.boot.web.embedded.tomcat.TomcatWebServer Tomcat initialized with port(s): 8090 (http)
2020-10-16 16:44:09.252 INFO  [main] org.apache.coyote.http11.Http11NioProtocol Initializing ProtocolHandler ["http-nio-8090"]
2020-10-16 16:44:09.253 INFO  [main] org.apache.catalina.core.StandardService Starting service [Tomcat]
2020-10-16 16:44:09.253 INFO  [main] org.apache.catalina.core.StandardEngine Starting Servlet engine: [Apache Tomcat/9.0.37]
2020-10-16 16:44:09.325 INFO  [main] org.apache.catalina.core.ContainerBase.[Tomcat].[localhost].[/] Initializing Spring embedded WebApplicationContext
2020-10-16 16:44:09.325 INFO  [main] org.springframework.boot.web.servlet.context.ServletWebServerApplicationContext Root WebApplicationContext: initialization completed in 813 ms
2020-10-16 16:44:09.501 INFO  [main] org.springframework.scheduling.concurrent.ThreadPoolTaskExecutor Initializing ExecutorService 'applicationTaskExecutor'
2020-10-16 16:44:09.605 INFO  [main] org.apache.coyote.http11.Http11NioProtocol Starting ProtocolHandler ["http-nio-8090"]
2020-10-16 16:44:09.623 INFO  [main] org.springframework.boot.web.embedded.tomcat.TomcatWebServer Tomcat started on port(s): 8090 (http) with context path ''
2020-10-16 16:44:09.630 INFO  [main] com.lin.missyou.MissyouApplication Started MissyouApplication in 1.46 seconds (JVM running for 2.383)
2020-10-16 16:44:17.774 INFO  [http-nio-8090-exec-2] org.apache.catalina.core.ContainerBase.[Tomcat].[localhost].[/] Initializing Spring DispatcherServlet 'dispatcherServlet'
2020-10-16 16:44:17.774 INFO  [http-nio-8090-exec-2] org.springframework.web.servlet.DispatcherServlet Initializing Servlet 'dispatcherServlet'
2020-10-16 16:44:17.779 INFO  [http-nio-8090-exec-2] org.springframework.web.servlet.DispatcherServlet Completed initialization in 5 ms
2020-10-16 16:46:34.034 INFO  [main] com.lin.missyou.MissyouApplication Starting MissyouApplication on DESKTOP-KS3IBF3 with PID 26496 (F:\CodeTest\missyou\target\classes started by admin in F:\CodeTest\missyou)
2020-10-16 16:46:34.037 INFO  [main] com.lin.missyou.MissyouApplication No active profile set, falling back to default profiles: default
2020-10-16 16:46:34.737 INFO  [main] org.springframework.boot.web.embedded.tomcat.TomcatWebServer Tomcat initialized with port(s): 8090 (http)
2020-10-16 16:46:34.746 INFO  [main] org.apache.coyote.http11.Http11NioProtocol Initializing ProtocolHandler ["http-nio-8090"]
2020-10-16 16:46:34.746 INFO  [main] org.apache.catalina.core.StandardService Starting service [Tomcat]
2020-10-16 16:46:34.746 INFO  [main] org.apache.catalina.core.StandardEngine Starting Servlet engine: [Apache Tomcat/9.0.37]
2020-10-16 16:46:34.818 INFO  [main] org.apache.catalina.core.ContainerBase.[Tomcat].[localhost].[/] Initializing Spring embedded WebApplicationContext
2020-10-16 16:46:34.818 INFO  [main] org.springframework.boot.web.servlet.context.ServletWebServerApplicationContext Root WebApplicationContext: initialization completed in 747 ms
2020-10-16 16:46:34.991 INFO  [main] org.springframework.scheduling.concurrent.ThreadPoolTaskExecutor Initializing ExecutorService 'applicationTaskExecutor'
2020-10-16 16:46:35.093 INFO  [main] org.apache.coyote.http11.Http11NioProtocol Starting ProtocolHandler ["http-nio-8090"]
2020-10-16 16:46:35.121 INFO  [main] org.springframework.boot.web.embedded.tomcat.TomcatWebServer Tomcat started on port(s): 8090 (http) with context path ''
2020-10-16 16:46:35.128 INFO  [main] com.lin.missyou.MissyouApplication Started MissyouApplication in 1.366 seconds (JVM running for 2.252)
2020-10-16 16:46:39.041 INFO  [http-nio-8090-exec-1] org.apache.catalina.core.ContainerBase.[Tomcat].[localhost].[/] Initializing Spring DispatcherServlet 'dispatcherServlet'
2020-10-16 16:46:39.041 INFO  [http-nio-8090-exec-1] org.springframework.web.servlet.DispatcherServlet Initializing Servlet 'dispatcherServlet'
2020-10-16 16:46:39.046 INFO  [http-nio-8090-exec-1] org.springframework.web.servlet.DispatcherServlet Completed initialization in 5 ms
2020-10-16 16:47:55.611 INFO  [main] com.lin.missyou.MissyouApplication Starting MissyouApplication on DESKTOP-KS3IBF3 with PID 26556 (F:\CodeTest\missyou\target\classes started by admin in F:\CodeTest\missyou)
2020-10-16 16:47:55.614 INFO  [main] com.lin.missyou.MissyouApplication No active profile set, falling back to default profiles: default
2020-10-16 16:47:56.325 INFO  [main] org.springframework.boot.web.embedded.tomcat.TomcatWebServer Tomcat initialized with port(s): 8090 (http)
2020-10-16 16:47:56.332 INFO  [main] org.apache.coyote.http11.Http11NioProtocol Initializing ProtocolHandler ["http-nio-8090"]
2020-10-16 16:47:56.333 INFO  [main] org.apache.catalina.core.StandardService Starting service [Tomcat]
2020-10-16 16:47:56.333 INFO  [main] org.apache.catalina.core.StandardEngine Starting Servlet engine: [Apache Tomcat/9.0.37]
2020-10-16 16:47:56.404 INFO  [main] org.apache.catalina.core.ContainerBase.[Tomcat].[localhost].[/] Initializing Spring embedded WebApplicationContext
2020-10-16 16:47:56.404 INFO  [main] org.springframework.boot.web.servlet.context.ServletWebServerApplicationContext Root WebApplicationContext: initialization completed in 756 ms
2020-10-16 16:47:56.586 INFO  [main] org.springframework.scheduling.concurrent.ThreadPoolTaskExecutor Initializing ExecutorService 'applicationTaskExecutor'
2020-10-16 16:47:56.687 INFO  [main] org.apache.coyote.http11.Http11NioProtocol Starting ProtocolHandler ["http-nio-8090"]
2020-10-16 16:47:56.705 INFO  [main] org.springframework.boot.web.embedded.tomcat.TomcatWebServer Tomcat started on port(s): 8090 (http) with context path ''
2020-10-16 16:47:56.713 INFO  [main] com.lin.missyou.MissyouApplication Started MissyouApplication in 1.374 seconds (JVM running for 2.569)
2020-10-16 16:48:19.325 INFO  [http-nio-8090-exec-2] org.apache.catalina.core.ContainerBase.[Tomcat].[localhost].[/] Initializing Spring DispatcherServlet 'dispatcherServlet'
2020-10-16 16:48:19.325 INFO  [http-nio-8090-exec-2] org.springframework.web.servlet.DispatcherServlet Initializing Servlet 'dispatcherServlet'
2020-10-16 16:48:19.331 INFO  [http-nio-8090-exec-2] org.springframework.web.servlet.DispatcherServlet Completed initialization in 6 ms
2020-10-16 16:59:08.789 INFO  [main] com.lin.missyou.MissyouApplication Starting MissyouApplication on DESKTOP-KS3IBF3 with PID 23440 (F:\CodeTest\missyou\target\classes started by admin in F:\CodeTest\missyou)
2020-10-16 16:59:08.792 INFO  [main] com.lin.missyou.MissyouApplication No active profile set, falling back to default profiles: default
2020-10-16 16:59:09.557 INFO  [main] org.springframework.boot.web.embedded.tomcat.TomcatWebServer Tomcat initialized with port(s): 8090 (http)
2020-10-16 16:59:09.564 INFO  [main] org.apache.coyote.http11.Http11NioProtocol Initializing ProtocolHandler ["http-nio-8090"]
2020-10-16 16:59:09.565 INFO  [main] org.apache.catalina.core.StandardService Starting service [Tomcat]
2020-10-16 16:59:09.565 INFO  [main] org.apache.catalina.core.StandardEngine Starting Servlet engine: [Apache Tomcat/9.0.37]
2020-10-16 16:59:09.635 INFO  [main] org.apache.catalina.core.ContainerBase.[Tomcat].[localhost].[/] Initializing Spring embedded WebApplicationContext
2020-10-16 16:59:09.635 INFO  [main] org.springframework.boot.web.servlet.context.ServletWebServerApplicationContext Root WebApplicationContext: initialization completed in 805 ms
2020-10-16 16:59:09.810 INFO  [main] org.springframework.scheduling.concurrent.ThreadPoolTaskExecutor Initializing ExecutorService 'applicationTaskExecutor'
2020-10-16 16:59:09.925 INFO  [main] org.apache.coyote.http11.Http11NioProtocol Starting ProtocolHandler ["http-nio-8090"]
2020-10-16 16:59:09.944 INFO  [main] org.springframework.boot.web.embedded.tomcat.TomcatWebServer Tomcat started on port(s): 8090 (http) with context path ''
2020-10-16 16:59:09.953 INFO  [main] com.lin.missyou.MissyouApplication Started MissyouApplication in 1.463 seconds (JVM running for 2.411)
2020-10-16 16:59:13.643 INFO  [http-nio-8090-exec-1] org.apache.catalina.core.ContainerBase.[Tomcat].[localhost].[/] Initializing Spring DispatcherServlet 'dispatcherServlet'
2020-10-16 16:59:13.643 INFO  [http-nio-8090-exec-1] org.springframework.web.servlet.DispatcherServlet Initializing Servlet 'dispatcherServlet'
2020-10-16 16:59:13.648 INFO  [http-nio-8090-exec-1] org.springframework.web.servlet.DispatcherServlet Completed initialization in 5 ms
2020-10-16 17:07:15.180 INFO  [main] com.lin.missyou.MissyouApplication Starting MissyouApplication on DESKTOP-KS3IBF3 with PID 25008 (F:\CodeTest\missyou\target\classes started by admin in F:\CodeTest\missyou)
2020-10-16 17:07:15.183 INFO  [main] com.lin.missyou.MissyouApplication No active profile set, falling back to default profiles: default
2020-10-16 17:07:15.948 INFO  [main] org.springframework.boot.web.embedded.tomcat.TomcatWebServer Tomcat initialized with port(s): 8090 (http)
2020-10-16 17:07:15.955 INFO  [main] org.apache.coyote.http11.Http11NioProtocol Initializing ProtocolHandler ["http-nio-8090"]
2020-10-16 17:07:15.956 INFO  [main] org.apache.catalina.core.StandardService Starting service [Tomcat]
2020-10-16 17:07:15.956 INFO  [main] org.apache.catalina.core.StandardEngine Starting Servlet engine: [Apache Tomcat/9.0.37]
2020-10-16 17:07:16.029 INFO  [main] org.apache.catalina.core.ContainerBase.[Tomcat].[localhost].[/] Initializing Spring embedded WebApplicationContext
2020-10-16 17:07:16.030 INFO  [main] org.springframework.boot.web.servlet.context.ServletWebServerApplicationContext Root WebApplicationContext: initialization completed in 804 ms
2020-10-16 17:07:16.216 INFO  [main] org.springframework.scheduling.concurrent.ThreadPoolTaskExecutor Initializing ExecutorService 'applicationTaskExecutor'
2020-10-16 17:07:16.324 INFO  [main] org.apache.coyote.http11.Http11NioProtocol Starting ProtocolHandler ["http-nio-8090"]
2020-10-16 17:07:16.355 INFO  [main] org.springframework.boot.web.embedded.tomcat.TomcatWebServer Tomcat started on port(s): 8090 (http) with context path ''
2020-10-16 17:07:16.364 INFO  [main] com.lin.missyou.MissyouApplication Started MissyouApplication in 1.47 seconds (JVM running for 2.45)
2020-10-16 17:08:07.294 INFO  [main] com.lin.missyou.MissyouApplication Starting MissyouApplication on DESKTOP-KS3IBF3 with PID 16796 (F:\CodeTest\missyou\target\classes started by admin in F:\CodeTest\missyou)
2020-10-16 17:08:07.296 INFO  [main] com.lin.missyou.MissyouApplication No active profile set, falling back to default profiles: default
2020-10-16 17:08:08.011 INFO  [main] org.springframework.boot.web.embedded.tomcat.TomcatWebServer Tomcat initialized with port(s): 8090 (http)
2020-10-16 17:08:08.018 INFO  [main] org.apache.coyote.http11.Http11NioProtocol Initializing ProtocolHandler ["http-nio-8090"]
2020-10-16 17:08:08.019 INFO  [main] org.apache.catalina.core.StandardService Starting service [Tomcat]
2020-10-16 17:08:08.019 INFO  [main] org.apache.catalina.core.StandardEngine Starting Servlet engine: [Apache Tomcat/9.0.37]
2020-10-16 17:08:08.092 INFO  [main] org.apache.catalina.core.ContainerBase.[Tomcat].[localhost].[/] Initializing Spring embedded WebApplicationContext
2020-10-16 17:08:08.092 INFO  [main] org.springframework.boot.web.servlet.context.ServletWebServerApplicationContext Root WebApplicationContext: initialization completed in 760 ms
2020-10-16 17:08:08.274 INFO  [main] org.springframework.scheduling.concurrent.ThreadPoolTaskExecutor Initializing ExecutorService 'applicationTaskExecutor'
2020-10-16 17:08:08.381 INFO  [main] org.apache.coyote.http11.Http11NioProtocol Starting ProtocolHandler ["http-nio-8090"]
2020-10-16 17:08:08.409 INFO  [main] org.springframework.boot.web.embedded.tomcat.TomcatWebServer Tomcat started on port(s): 8090 (http) with context path ''
2020-10-16 17:08:08.417 INFO  [main] com.lin.missyou.MissyouApplication Started MissyouApplication in 1.406 seconds (JVM running for 2.299)
2020-10-16 17:08:21.109 INFO  [http-nio-8090-exec-1] org.apache.catalina.core.ContainerBase.[Tomcat].[localhost].[/] Initializing Spring DispatcherServlet 'dispatcherServlet'
2020-10-16 17:08:21.109 INFO  [http-nio-8090-exec-1] org.springframework.web.servlet.DispatcherServlet Initializing Servlet 'dispatcherServlet'
2020-10-16 17:08:21.114 INFO  [http-nio-8090-exec-1] org.springframework.web.servlet.DispatcherServlet Completed initialization in 5 ms
